<?xml version="1.0" encoding="UTF-8"?>
<testsuite name="com.bestbuy.crudtest.CrudRunner" time="1.551" tests="29" errors="0" skipped="0" failures="0">
  <properties>
[...]
</properties>
  <testcase name="Given User is on stores page endpoint" classname="Scenario: Check if the Stores data can be accessed by user" time="0.001"/>
  <testcase name="When User sends a GET request to the stores endpoint" classname="Scenario: Check if the Stores data can be accessed by user" time="0"/>
  <testcase name="Then User must get back a valid status response code 200 from stores endpoint" classname="Scenario: Check if the Stores data can be accessed by user" time="0"/>
  <testcase name="Scenario: Check if the Stores data can be accessed by user" classname="Scenario: Check if the Stores data can be accessed by user" time="1.238"/>
  <testcase name="Given User is on stores page endpoint" classname="Scenario: Check if user can CREATE a new store on stores endpoint" time="0"/>
  <testcase name="When User sends a POST request with a valid payload to the stores endpoint" classname="Scenario: Check if user can CREATE a new store on stores endpoint" time="0"/>
  <testcase name="Then User must get back a valid status response code 201 from create stores endpoint" classname="Scenario: Check if user can CREATE a new store on stores endpoint" time="0"/>
  <testcase name="Scenario: Check if user can CREATE a new store on stores endpoint" classname="Scenario: Check if user can CREATE a new store on stores endpoint" time="0.046"/>
  <testcase name="Given User is on stores page endpoint" classname="Scenario: Check if user can READ a newly created store on stores endpoint" time="0"/>
  <testcase name="When User send a GET request to newly created store with store ID" classname="Scenario: Check if user can READ a newly created store on stores endpoint" time="0"/>
  <testcase name="Then User must get back a valid status response code 201 from stores endpoint" classname="Scenario: Check if user can READ a newly created store on stores endpoint" time="0"/>
  <testcase name="And User should verify if the store is created with correct details" classname="Scenario: Check if user can READ a newly created store on stores endpoint" time="0"/>
  <testcase name="Scenario: Check if user can READ a newly created store on stores endpoint" classname="Scenario: Check if user can READ a newly created store on stores endpoint" time="0.037"/>
  <testcase name="Given User is on stores page endpoint" classname="Scenario: Check if user can UPDATE a newly created store on stores endpoint" time="0"/>
  <testcase name="When User send a PUT request to newly created store with store ID" classname="Scenario: Check if user can UPDATE a newly created store on stores endpoint" time="0"/>
  <testcase name="Then User must get back a valid status response code 201 from stores endpoint" classname="Scenario: Check if user can UPDATE a newly created store on stores endpoint" time="0"/>
  <testcase name="And User should verify if the stores details are updated with correct details" classname="Scenario: Check if user can UPDATE a newly created store on stores endpoint" time="0"/>
  <testcase name="Scenario: Check if user can UPDATE a newly created store on stores endpoint" classname="Scenario: Check if user can UPDATE a newly created store on stores endpoint" time="0.05"/>
  <testcase name="Given User is on stores page endpoint" classname="Scenario: Check if user can delete a newly created store on stores end point" time="0"/>
  <testcase name="When User send a DELETE request to newly created store with store ID" classname="Scenario: Check if user can delete a newly created store on stores end point" time="0"/>
  <testcase name="Then User must get back a valid status response code 201 from stores endpoint" classname="Scenario: Check if user can delete a newly created store on stores end point" time="0"/>
  <testcase name="And User should verify if the store is deleted" classname="Scenario: Check if user can delete a newly created store on stores end point" time="0"/>
  <testcase name="Scenario: Check if user can delete a newly created store on stores end point" classname="Scenario: Check if user can delete a newly created store on stores end point" time="0.04"/>
  <testcase name="When User creates new store record with &quot;Komal Tech&quot;, &quot;BigBox&quot;, &quot;12 1st Street A&quot;, &quot;abc&quot;, &quot;London&quot;, &quot;MN&quot;, &quot;25687&quot;, &quot;44.879314&quot;, &quot;93.077156&quot;, &quot;Mon: 10-9; Tue: 10-9; Wed: 10-9; Thurs: 10-9; Fri: 10-9; Sat: 10-9; Sun: 10-8&quot;" classname="| Komal Tech | BigBox | 12 1st Street A | abc | London | MN | 25687 | 44.879314 | 93.077156 | Mon: 10-9; Tue: 10-9; Wed: 10-9; Thurs: 10-9; Fri: 10-9; Sat: 10-9; Sun: 10-8 |" time="0.001"/>
  <testcase name="And User can search new record using store &quot;Komal Tech&quot;" classname="| Komal Tech | BigBox | 12 1st Street A | abc | London | MN | 25687 | 44.879314 | 93.077156 | Mon: 10-9; Tue: 10-9; Wed: 10-9; Thurs: 10-9; Fri: 10-9; Sat: 10-9; Sun: 10-8 |" time="0"/>
  <testcase name="And User can update new record using storeID, name, &quot;BigBox&quot;, &quot;12 1st Street A&quot;, &quot;abc&quot;, &quot;London&quot;, &quot;MN&quot;, &quot;25687&quot;, &quot;44.879314&quot;, &quot;93.077156&quot;, &quot;Mon: 10-9; Tue: 10-9; Wed: 10-9; Thurs: 10-9; Fri: 10-9; Sat: 10-9; Sun: 10-8&quot;" classname="| Komal Tech | BigBox | 12 1st Street A | abc | London | MN | 25687 | 44.879314 | 93.077156 | Mon: 10-9; Tue: 10-9; Wed: 10-9; Thurs: 10-9; Fri: 10-9; Sat: 10-9; Sun: 10-8 |" time="0"/>
  <testcase name="And User can delete new record using storeID" classname="| Komal Tech | BigBox | 12 1st Street A | abc | London | MN | 25687 | 44.879314 | 93.077156 | Mon: 10-9; Tue: 10-9; Wed: 10-9; Thurs: 10-9; Fri: 10-9; Sat: 10-9; Sun: 10-8 |" time="0"/>
  <testcase name="Then User is able to run successful CRUD operation on store details" classname="| Komal Tech | BigBox | 12 1st Street A | abc | London | MN | 25687 | 44.879314 | 93.077156 | Mon: 10-9; Tue: 10-9; Wed: 10-9; Thurs: 10-9; Fri: 10-9; Sat: 10-9; Sun: 10-8 |" time="0"/>
  <testcase name="| Komal Tech | BigBox | 12 1st Street A | abc | London | MN | 25687 | 44.879314 | 93.077156 | Mon: 10-9; Tue: 10-9; Wed: 10-9; Thurs: 10-9; Fri: 10-9; Sat: 10-9; Sun: 10-8 |" classname="| Komal Tech | BigBox | 12 1st Street A | abc | London | MN | 25687 | 44.879314 | 93.077156 | Mon: 10-9; Tue: 10-9; Wed: 10-9; Thurs: 10-9; Fri: 10-9; Sat: 10-9; Sun: 10-8 |" time="0.138"/>
</testsuite>