<?xml version="1.0" encoding="UTF-8"?><testsuite errors="0" failures="0" name="Testing all the Stores Endpoints of the BeatBuy API application" skipped="0" tests="5" time="5.33" timestamp="2023-01-10T21:48:41.064Z[Europe/London]"><testcase name="Check if the Stores data can be accessed by user"/><testcase name="Check if user can CREATE a new store on stores endpoint"/><testcase name="Check if user can READ a newly created store on stores endpoint"/><testcase name="Check if user can UPDATE a newly created store on stores endpoint"/><testcase name="Check if user can delete a newly created store on stores end point"/></testsuite>